<?xml version="1.0" encoding="UTF-8"?>
<!-- Generated by org.testng.reporters.JUnitReportReporter -->
<testsuite hostname="LAPTOP-692M1IJE" name="smoketestcases.webtestcases" tests="7" failures="0" timestamp="30 Aug 2016 00:18:48 GMT" time="10.539" errors="0">
  <testcase name="test1" time="0.001" classname="smoketestcases.webtestcases"/>
  <testcase name="test3" time="0.000" classname="smoketestcases.webtestcases"/>
  <testcase name="test4" time="0.000" classname="smoketestcases.webtestcases"/>
  <testcase name="test2" time="0.000" classname="smoketestcases.webtestcases"/>
  <testcase name="mtest6" time="10.538" classname="smoketestcases.webtestcases"/>
  <testcase name="test6" time="0.000" classname="smoketestcases.webtestcases"/>
  <testcase name="test5" time="0.000" classname="smoketestcases.webtestcases"/>
</testsuite> <!-- smoketestcases.webtestcases -->
