<?xml version="1.0" encoding="UTF-8"?>
<!-- Generated by org.testng.reporters.JUnitReportReporter -->
<testsuite hostname="LAPTOP-692M1IJE" name="mobiletestcases.MobileTestCases" tests="6" failures="0" timestamp="30 Aug 2016 00:18:48 GMT" time="8.750" errors="0">
  <testcase name="mtest5" time="0.000" classname="mobiletestcases.MobileTestCases"/>
  <testcase name="mtest6" time="8.749" classname="mobiletestcases.MobileTestCases"/>
  <testcase name="mtest1" time="0.001" classname="mobiletestcases.MobileTestCases"/>
  <testcase name="mtest4" time="0.000" classname="mobiletestcases.MobileTestCases"/>
  <testcase name="mtest3" time="0.000" classname="mobiletestcases.MobileTestCases"/>
  <testcase name="mtest2" time="0.000" classname="mobiletestcases.MobileTestCases"/>
</testsuite> <!-- mobiletestcases.MobileTestCases -->
